<?xml version="1.0" encoding="UTF-8"?>
<coverage generated="1659119795175" clover="3.2.0">
  <project timestamp="1659119795175" name="All files">
    <metrics statements="116" coveredstatements="111" conditionals="17" coveredconditionals="15" methods="29" coveredmethods="26" elements="162" coveredelements="152" complexity="0" loc="116" ncloc="116" packages="11" files="17" classes="17"/>
    <package name=".jest">
      <metrics statements="0" coveredstatements="0" conditionals="0" coveredconditionals="0" methods="0" coveredmethods="0"/>
      <file name="styleMock.js" path="/home/aflores/Documents/react-training/project/.jest/styleMock.js">
        <metrics statements="0" coveredstatements="0" conditionals="0" coveredconditionals="0" methods="0" coveredmethods="0"/>
      </file>
    </package>
    <package name="src">
      <metrics statements="3" coveredstatements="3" conditionals="0" coveredconditionals="0" methods="0" coveredmethods="0"/>
      <file name="theme.ts" path="/home/aflores/Documents/react-training/project/src/theme.ts">
        <metrics statements="3" coveredstatements="3" conditionals="0" coveredconditionals="0" methods="0" coveredmethods="0"/>
        <line num="1" count="3" type="stmt"/>
        <line num="3" count="3" type="stmt"/>
        <line num="11" count="3" type="stmt"/>
      </file>
    </package>
    <package name="src.components">
      <metrics statements="6" coveredstatements="6" conditionals="0" coveredconditionals="0" methods="1" coveredmethods="1"/>
      <file name="Wrapper.tsx" path="/home/aflores/Documents/react-training/project/src/components/Wrapper.tsx">
        <metrics statements="6" coveredstatements="6" conditionals="0" coveredconditionals="0" methods="1" coveredmethods="1"/>
        <line num="1" count="3" type="stmt"/>
        <line num="2" count="3" type="stmt"/>
        <line num="3" count="3" type="stmt"/>
        <line num="4" count="3" type="stmt"/>
        <line num="6" count="4" type="stmt"/>
        <line num="7" count="4" type="stmt"/>
      </file>
    </package>
    <package name="src.components.Layout">
      <metrics statements="18" coveredstatements="16" conditionals="2" coveredconditionals="2" methods="6" coveredmethods="5"/>
      <file name="Layout.tsx" path="/home/aflores/Documents/react-training/project/src/components/Layout/Layout.tsx">
        <metrics statements="5" coveredstatements="5" conditionals="0" coveredconditionals="0" methods="1" coveredmethods="1"/>
        <line num="1" count="2" type="stmt"/>
        <line num="2" count="2" type="stmt"/>
        <line num="3" count="2" type="stmt"/>
        <line num="9" count="3" type="stmt"/>
        <line num="10" count="3" type="stmt"/>
      </file>
      <file name="NavBar.tsx" path="/home/aflores/Documents/react-training/project/src/components/Layout/NavBar.tsx">
        <metrics statements="13" coveredstatements="11" conditionals="2" coveredconditionals="2" methods="5" coveredmethods="4"/>
        <line num="1" count="2" type="stmt"/>
        <line num="2" count="2" type="stmt"/>
        <line num="3" count="2" type="stmt"/>
        <line num="4" count="2" type="stmt"/>
        <line num="10" count="4" type="stmt"/>
        <line num="12" count="5" type="stmt"/>
        <line num="13" count="5" type="stmt"/>
        <line num="14" count="4" type="stmt"/>
        <line num="15" count="4" type="stmt"/>
        <line num="16" count="0" type="stmt"/>
        <line num="17" count="0" type="stmt"/>
        <line num="19" count="4" type="stmt"/>
        <line num="40" count="1" type="stmt"/>
      </file>
    </package>
    <package name="src.components.Movies">
      <metrics statements="24" coveredstatements="24" conditionals="2" coveredconditionals="2" methods="5" coveredmethods="5"/>
      <file name="MovieCard.tsx" path="/home/aflores/Documents/react-training/project/src/components/Movies/MovieCard.tsx">
        <metrics statements="7" coveredstatements="7" conditionals="0" coveredconditionals="0" methods="1" coveredmethods="1"/>
        <line num="1" count="2" type="stmt"/>
        <line num="3" count="2" type="stmt"/>
        <line num="4" count="2" type="stmt"/>
        <line num="6" count="2" type="stmt"/>
        <line num="7" count="30" type="stmt"/>
        <line num="8" count="30" type="stmt"/>
        <line num="13" count="30" type="stmt"/>
      </file>
      <file name="MovieCarousel.tsx" path="/home/aflores/Documents/react-training/project/src/components/Movies/MovieCarousel.tsx">
        <metrics statements="6" coveredstatements="6" conditionals="0" coveredconditionals="0" methods="2" coveredmethods="2"/>
        <line num="1" count="1" type="stmt"/>
        <line num="2" count="1" type="stmt"/>
        <line num="3" count="1" type="stmt"/>
        <line num="10" count="1" type="stmt"/>
        <line num="11" count="1" type="stmt"/>
        <line num="14" count="20" type="stmt"/>
      </file>
      <file name="MovieList.tsx" path="/home/aflores/Documents/react-training/project/src/components/Movies/MovieList.tsx">
        <metrics statements="11" coveredstatements="11" conditionals="2" coveredconditionals="2" methods="2" coveredmethods="2"/>
        <line num="1" count="2" type="stmt"/>
        <line num="2" count="2" type="stmt"/>
        <line num="4" count="2" type="stmt"/>
        <line num="5" count="2" type="stmt"/>
        <line num="12" count="2" type="stmt"/>
        <line num="13" count="3" type="stmt"/>
        <line num="14" count="3" type="stmt"/>
        <line num="15" count="3" type="stmt"/>
        <line num="16" count="3" type="stmt"/>
        <line num="18" count="3" type="stmt"/>
        <line num="29" count="30" type="stmt"/>
      </file>
    </package>
    <package name="src.helpers">
      <metrics statements="2" coveredstatements="2" conditionals="0" coveredconditionals="0" methods="1" coveredmethods="1"/>
      <file name="functions.ts" path="/home/aflores/Documents/react-training/project/src/helpers/functions.ts">
        <metrics statements="2" coveredstatements="2" conditionals="0" coveredconditionals="0" methods="1" coveredmethods="1"/>
        <line num="1" count="1" type="stmt"/>
        <line num="2" count="1" type="stmt"/>
      </file>
    </package>
    <package name="src.hooks">
      <metrics statements="19" coveredstatements="18" conditionals="0" coveredconditionals="0" methods="6" coveredmethods="6"/>
      <file name="useFetch.tsx" path="/home/aflores/Documents/react-training/project/src/hooks/useFetch.tsx">
        <metrics statements="15" coveredstatements="14" conditionals="0" coveredconditionals="0" methods="3" coveredmethods="3"/>
        <line num="1" count="1" type="stmt"/>
        <line num="9" count="9" type="stmt"/>
        <line num="10" count="8" type="stmt"/>
        <line num="11" count="8" type="stmt"/>
        <line num="12" count="8" type="stmt"/>
        <line num="14" count="8" type="stmt"/>
        <line num="15" count="8" type="stmt"/>
        <line num="17" count="4" type="stmt"/>
        <line num="18" count="4" type="stmt"/>
        <line num="19" count="4" type="stmt"/>
        <line num="20" count="3" type="stmt"/>
        <line num="22" count="0" type="stmt"/>
        <line num="26" count="3" type="stmt"/>
        <line num="28" count="4" type="stmt"/>
        <line num="30" count="8" type="stmt"/>
      </file>
      <file name="useSearchStore.ts" path="/home/aflores/Documents/react-training/project/src/hooks/useSearchStore.ts">
        <metrics statements="4" coveredstatements="4" conditionals="0" coveredconditionals="0" methods="3" coveredmethods="3"/>
        <line num="1" count="2" type="stmt"/>
        <line num="8" count="2" type="stmt"/>
        <line num="10" count="1" type="stmt"/>
        <line num="13" count="2" type="stmt"/>
      </file>
    </package>
    <package name="src.mocks">
      <metrics statements="12" coveredstatements="11" conditionals="0" coveredconditionals="0" methods="5" coveredmethods="4"/>
      <file name="handlers.js" path="/home/aflores/Documents/react-training/project/src/mocks/handlers.js">
        <metrics statements="6" coveredstatements="5" conditionals="0" coveredconditionals="0" methods="5" coveredmethods="4"/>
        <line num="4" count="5" type="stmt"/>
        <line num="8" count="2" type="stmt"/>
        <line num="14" count="1" type="stmt"/>
        <line num="19" count="1" type="stmt"/>
        <line num="23" count="1" type="stmt"/>
        <line num="27" count="0" type="stmt"/>
      </file>
      <file name="movies.js" path="/home/aflores/Documents/react-training/project/src/mocks/movies.js">
        <metrics statements="5" coveredstatements="5" conditionals="0" coveredconditionals="0" methods="0" coveredmethods="0"/>
        <line num="1" count="5" type="stmt"/>
        <line num="70" count="5" type="stmt"/>
        <line num="479" count="5" type="stmt"/>
        <line num="828" count="5" type="stmt"/>
        <line num="1249" count="5" type="stmt"/>
      </file>
      <file name="server.js" path="/home/aflores/Documents/react-training/project/src/mocks/server.js">
        <metrics statements="1" coveredstatements="1" conditionals="0" coveredconditionals="0" methods="0" coveredmethods="0"/>
        <line num="7" count="5" type="stmt"/>
      </file>
    </package>
    <package name="src.pages.Home">
      <metrics statements="12" coveredstatements="12" conditionals="3" coveredconditionals="3" methods="1" coveredmethods="1"/>
      <file name="Home.tsx" path="/home/aflores/Documents/react-training/project/src/pages/Home/Home.tsx">
        <metrics statements="12" coveredstatements="12" conditionals="3" coveredconditionals="3" methods="1" coveredmethods="1"/>
        <line num="1" count="1" type="stmt"/>
        <line num="2" count="1" type="stmt"/>
        <line num="4" count="1" type="stmt"/>
        <line num="6" count="1" type="stmt"/>
        <line num="8" count="1" type="stmt"/>
        <line num="9" count="1" type="stmt"/>
        <line num="10" count="1" type="stmt"/>
        <line num="12" count="1" type="stmt"/>
        <line num="16" count="2" type="stmt"/>
        <line num="19" count="2" type="cond" truecount="1" falsecount="0"/>
        <line num="20" count="1" type="stmt"/>
        <line num="22" count="1" type="stmt"/>
      </file>
    </package>
    <package name="src.pages.Home.components">
      <metrics statements="10" coveredstatements="10" conditionals="6" coveredconditionals="5" methods="1" coveredmethods="1"/>
      <file name="MoviesSection.tsx" path="/home/aflores/Documents/react-training/project/src/pages/Home/components/MoviesSection.tsx">
        <metrics statements="10" coveredstatements="10" conditionals="6" coveredconditionals="5" methods="1" coveredmethods="1"/>
        <line num="1" count="1" type="stmt"/>
        <line num="2" count="1" type="stmt"/>
        <line num="3" count="1" type="stmt"/>
        <line num="4" count="1" type="stmt"/>
        <line num="8" count="1" type="stmt"/>
        <line num="9" count="2" type="stmt"/>
        <line num="13" count="2" type="stmt"/>
        <line num="14" count="2" type="stmt"/>
        <line num="18" count="2" type="stmt"/>
        <line num="21" count="2" type="stmt"/>
      </file>
    </package>
    <package name="src.pages.MovieListPage.components">
      <metrics statements="10" coveredstatements="9" conditionals="4" coveredconditionals="3" methods="3" coveredmethods="2"/>
      <file name="Pagination.tsx" path="/home/aflores/Documents/react-training/project/src/pages/MovieListPage/components/Pagination.tsx">
        <metrics statements="10" coveredstatements="9" conditionals="4" coveredconditionals="3" methods="3" coveredmethods="2"/>
        <line num="1" count="1" type="stmt"/>
        <line num="2" count="1" type="stmt"/>
        <line num="3" count="1" type="stmt"/>
        <line num="11" count="1" type="stmt"/>
        <line num="12" count="1" type="stmt"/>
        <line num="13" count="1" type="stmt"/>
        <line num="14" count="1" type="stmt"/>
        <line num="16" count="1" type="stmt"/>
        <line num="20" count="0" type="stmt"/>
        <line num="30" count="1" type="stmt"/>
      </file>
    </package>
  </project>
</coverage>
