{"/home/aflores/Documents/react-training/project/.jest/styleMock.js": {"path":"/home/aflores/Documents/react-training/project/.jest/styleMock.js","statementMap":{},"fnMap":{},"branchMap":{},"s":{},"f":{},"b":{},"_coverageSchema":"1a1c01bbd47fc00a2c39e90264f33305004495a9","hash":"092cc0998b8c658385a344874507d851c0a13bf7"}
,"/home/aflores/Documents/react-training/project/src/theme.ts": {"path":"/home/aflores/Documents/react-training/project/src/theme.ts","statementMap":{"0":{"start":{"line":1,"column":0},"end":{"line":1,"column":47}},"1":{"start":{"line":3,"column":14},"end":{"line":9,"column":2}},"2":{"start":{"line":11,"column":0},"end":{"line":11,"column":21}}},"fnMap":{},"branchMap":{},"s":{"0":3,"1":3,"2":3},"f":{},"b":{}}
,"/home/aflores/Documents/react-training/project/src/components/Wrapper.tsx": {"path":"/home/aflores/Documents/react-training/project/src/components/Wrapper.tsx","statementMap":{"0":{"start":{"line":1,"column":0},"end":{"line":1,"column":50}},"1":{"start":{"line":2,"column":0},"end":{"line":2,"column":26}},"2":{"start":{"line":3,"column":0},"end":{"line":3,"column":49}},"3":{"start":{"line":4,"column":0},"end":{"line":4,"column":29}},"4":{"start":{"line":6,"column":42},"end":{"line":6,"column":75}},"5":{"start":{"line":7,"column":2},"end":{"line":11,"column":4}},"6":{"start":{"line":6,"column":0},"end":{"line":6,"column":24}}},"fnMap":{"0":{"name":"Wrapper","decl":{"start":{"line":6,"column":24},"end":{"line":6,"column":31}},"loc":{"start":{"line":6,"column":75},"end":{"line":12,"column":1}}}},"branchMap":{},"s":{"0":3,"1":3,"2":3,"3":3,"4":4,"5":4,"6":3},"f":{"0":4},"b":{}}
,"/home/aflores/Documents/react-training/project/src/components/Layout/Layout.tsx": {"path":"/home/aflores/Documents/react-training/project/src/components/Layout/Layout.tsx","statementMap":{"0":{"start":{"line":1,"column":0},"end":{"line":1,"column":26}},"1":{"start":{"line":2,"column":0},"end":{"line":2,"column":50}},"2":{"start":{"line":3,"column":0},"end":{"line":3,"column":30}},"3":{"start":{"line":9,"column":41},"end":{"line":9,"column":43}},"4":{"start":{"line":9,"column":52},"end":{"line":9,"column":68}},"5":{"start":{"line":10,"column":2},"end":{"line":33,"column":4}},"6":{"start":{"line":9,"column":0},"end":{"line":9,"column":24}}},"fnMap":{"0":{"name":"Layout","decl":{"start":{"line":9,"column":24},"end":{"line":9,"column":30}},"loc":{"start":{"line":9,"column":68},"end":{"line":34,"column":1}}}},"branchMap":{},"s":{"0":2,"1":2,"2":2,"3":3,"4":3,"5":3,"6":2},"f":{"0":3},"b":{}}
,"/home/aflores/Documents/react-training/project/src/components/Layout/NavBar.tsx": {"path":"/home/aflores/Documents/react-training/project/src/components/Layout/NavBar.tsx","statementMap":{"0":{"start":{"line":1,"column":0},"end":{"line":1,"column":68}},"1":{"start":{"line":2,"column":0},"end":{"line":2,"column":40}},"2":{"start":{"line":3,"column":0},"end":{"line":3,"column":53}},"3":{"start":{"line":4,"column":0},"end":{"line":4,"column":56}},"4":{"start":{"line":10,"column":42},"end":{"line":10,"column":56}},"5":{"start":{"line":12,"column":17},"end":{"line":12,"column":61}},"6":{"start":{"line":12,"column":43},"end":{"line":12,"column":61}},"7":{"start":{"line":13,"column":20},"end":{"line":13,"column":67}},"8":{"start":{"line":13,"column":46},"end":{"line":13,"column":67}},"9":{"start":{"line":14,"column":19},"end":{"line":14,"column":32}},"10":{"start":{"line":15,"column":19},"end":{"line":18,"column":3}},"11":{"start":{"line":16,"column":4},"end":{"line":16,"column":23}},"12":{"start":{"line":17,"column":4},"end":{"line":17,"column":29}},"13":{"start":{"line":19,"column":2},"end":{"line":57,"column":4}},"14":{"start":{"line":40,"column":33},"end":{"line":40,"column":null}},"15":{"start":{"line":10,"column":0},"end":{"line":10,"column":24}}},"fnMap":{"0":{"name":"NavBar","decl":{"start":{"line":10,"column":24},"end":{"line":10,"column":30}},"loc":{"start":{"line":10,"column":56},"end":{"line":58,"column":1}}},"1":{"name":"(anonymous_2)","decl":{"start":{"line":12,"column":32},"end":{"line":12,"column":33}},"loc":{"start":{"line":12,"column":38},"end":{"line":12,"column":48}}},"2":{"name":"(anonymous_3)","decl":{"start":{"line":13,"column":35},"end":{"line":13,"column":36}},"loc":{"start":{"line":13,"column":41},"end":{"line":13,"column":51}}},"3":{"name":"(anonymous_4)","decl":{"start":{"line":15,"column":19},"end":{"line":15,"column":20}},"loc":{"start":{"line":15,"column":55},"end":{"line":18,"column":3}}},"4":{"name":"(anonymous_5)","decl":{"start":{"line":40,"column":26},"end":{"line":40,"column":27}},"loc":{"start":{"line":40,"column":28},"end":{"line":40,"column":42}}}},"branchMap":{"0":{"loc":{"start":{"line":31,"column":9},"end":{"line":45,"column":null}},"type":"binary-expr","locations":[{"start":{"line":31,"column":9},"end":{"line":31,"column":18}},{"start":{"line":32,"column":10},"end":{"line":44,"column":null}}]}},"s":{"0":2,"1":2,"2":2,"3":2,"4":4,"5":4,"6":5,"7":4,"8":5,"9":4,"10":4,"11":0,"12":0,"13":4,"14":1,"15":2},"f":{"0":4,"1":5,"2":5,"3":0,"4":1},"b":{"0":[4,3]}}
,"/home/aflores/Documents/react-training/project/src/components/Movies/MovieCard.tsx": {"path":"/home/aflores/Documents/react-training/project/src/components/Movies/MovieCard.tsx","statementMap":{"0":{"start":{"line":1,"column":0},"end":{"line":1,"column":26}},"1":{"start":{"line":3,"column":0},"end":{"line":3,"column":39}},"2":{"start":{"line":4,"column":0},"end":{"line":4,"column":40}},"3":{"start":{"line":7,"column":7},"end":{"line":7,"column":null}},"4":{"start":{"line":8,"column":7},"end":{"line":8,"column":null}},"5":{"start":{"line":13,"column":2},"end":{"line":35,"column":4}},"6":{"start":{"line":6,"column":0},"end":{"line":6,"column":24}}},"fnMap":{"0":{"name":"MovieCard","decl":{"start":{"line":6,"column":24},"end":{"line":6,"column":33}},"loc":{"start":{"line":12,"column":1},"end":{"line":36,"column":1}}}},"branchMap":{},"s":{"0":2,"1":2,"2":2,"3":30,"4":30,"5":30,"6":2},"f":{"0":30},"b":{}}
,"/home/aflores/Documents/react-training/project/src/components/Movies/MovieCarousel.tsx": {"path":"/home/aflores/Documents/react-training/project/src/components/Movies/MovieCarousel.tsx","statementMap":{"0":{"start":{"line":1,"column":0},"end":{"line":1,"column":45}},"1":{"start":{"line":2,"column":0},"end":{"line":2,"column":26}},"2":{"start":{"line":3,"column":0},"end":{"line":3,"column":53}},"3":{"start":{"line":10,"column":46},"end":{"line":10,"column":64}},"4":{"start":{"line":11,"column":2},"end":{"line":24,"column":4}},"5":{"start":{"line":14,"column":38},"end":{"line":21,"column":10}},"6":{"start":{"line":10,"column":0},"end":{"line":10,"column":24}}},"fnMap":{"0":{"name":"MovieCarousel","decl":{"start":{"line":10,"column":24},"end":{"line":10,"column":37}},"loc":{"start":{"line":10,"column":64},"end":{"line":25,"column":1}}},"1":{"name":"(anonymous_2)","decl":{"start":{"line":14,"column":20},"end":{"line":14,"column":21}},"loc":{"start":{"line":14,"column":33},"end":{"line":14,"column":null}}}},"branchMap":{},"s":{"0":1,"1":1,"2":1,"3":1,"4":1,"5":20,"6":1},"f":{"0":1,"1":20},"b":{}}
,"/home/aflores/Documents/react-training/project/src/components/Movies/MovieList.tsx": {"path":"/home/aflores/Documents/react-training/project/src/components/Movies/MovieList.tsx","statementMap":{"0":{"start":{"line":1,"column":0},"end":{"line":1,"column":34}},"1":{"start":{"line":2,"column":0},"end":{"line":2,"column":39}},"2":{"start":{"line":4,"column":0},"end":{"line":4,"column":36}},"3":{"start":{"line":5,"column":0},"end":{"line":5,"column":40}},"4":{"start":{"line":13,"column":6},"end":{"line":13,"column":null}},"5":{"start":{"line":14,"column":8},"end":{"line":14,"column":null}},"6":{"start":{"line":15,"column":7},"end":{"line":15,"column":null}},"7":{"start":{"line":16,"column":7},"end":{"line":16,"column":null}},"8":{"start":{"line":18,"column":2},"end":{"line":33,"column":4}},"9":{"start":{"line":29,"column":10},"end":{"line":29,"column":71}},"10":{"start":{"line":12,"column":0},"end":{"line":12,"column":24}}},"fnMap":{"0":{"name":"MovieList","decl":{"start":{"line":12,"column":24},"end":{"line":12,"column":33}},"loc":{"start":{"line":17,"column":18},"end":{"line":34,"column":1}}},"1":{"name":"(anonymous_2)","decl":{"start":{"line":28,"column":20},"end":{"line":28,"column":21}},"loc":{"start":{"line":28,"column":33},"end":{"line":30,"column":9}}}},"branchMap":{"0":{"loc":{"start":{"line":20,"column":7},"end":{"line":20,"column":45}},"type":"binary-expr","locations":[{"start":{"line":20,"column":7},"end":{"line":20,"column":11}},{"start":{"line":20,"column":15},"end":{"line":20,"column":45}}]}},"s":{"0":2,"1":2,"2":2,"3":2,"4":3,"5":3,"6":3,"7":3,"8":3,"9":30,"10":2},"f":{"0":3,"1":30},"b":{"0":[3,2]}}
,"/home/aflores/Documents/react-training/project/src/helpers/functions.ts": {"path":"/home/aflores/Documents/react-training/project/src/helpers/functions.ts","statementMap":{"0":{"start":{"line":2,"column":2},"end":{"line":2,"column":12}},"1":{"start":{"line":1,"column":0},"end":{"line":1,"column":16}}},"fnMap":{"0":{"name":"searchByName","decl":{"start":{"line":1,"column":16},"end":{"line":1,"column":28}},"loc":{"start":{"line":1,"column":44},"end":{"line":3,"column":1}}}},"branchMap":{},"s":{"0":1,"1":1},"f":{"0":1},"b":{}}
,"/home/aflores/Documents/react-training/project/src/hooks/useFetch.tsx": {"path":"/home/aflores/Documents/react-training/project/src/hooks/useFetch.tsx","statementMap":{"0":{"start":{"line":1,"column":0},"end":{"line":1,"column":51}},"1":{"start":{"line":9,"column":0},"end":{"line":9,"column":24}},"2":{"start":{"line":10,"column":26},"end":{"line":10,"column":50}},"3":{"start":{"line":10,"column":13},"end":{"line":10,"column":15}},"4":{"start":{"line":10,"column":22},"end":{"line":10,"column":26}},"5":{"start":{"line":11,"column":32},"end":{"line":11,"column":55}},"6":{"start":{"line":11,"column":16},"end":{"line":11,"column":18}},"7":{"start":{"line":11,"column":28},"end":{"line":11,"column":32}},"8":{"start":{"line":12,"column":28},"end":{"line":12,"column":47}},"9":{"start":{"line":12,"column":14},"end":{"line":12,"column":16}},"10":{"start":{"line":12,"column":24},"end":{"line":12,"column":28}},"11":{"start":{"line":14,"column":2},"end":{"line":29,"column":12}},"12":{"start":{"line":15,"column":22},"end":{"line":27,"column":6}},"13":{"start":{"line":17,"column":8},"end":{"line":17,"column":25}},"14":{"start":{"line":18,"column":25},"end":{"line":18,"column":null}},"15":{"start":{"line":18,"column":14},"end":{"line":18,"column":null}},"16":{"start":{"line":19,"column":31},"end":{"line":19,"column":null}},"17":{"start":{"line":19,"column":14},"end":{"line":19,"column":null}},"18":{"start":{"line":20,"column":8},"end":{"line":20,"column":37}},"19":{"start":{"line":22,"column":8},"end":{"line":22,"column":20}},"20":{"start":{"line":26,"column":6},"end":{"line":26,"column":24}},"21":{"start":{"line":28,"column":4},"end":{"line":28,"column":16}},"22":{"start":{"line":30,"column":2},"end":{"line":34,"column":4}}},"fnMap":{"0":{"name":"useFetch","decl":{"start":{"line":9,"column":24},"end":{"line":9,"column":32}},"loc":{"start":{"line":9,"column":47},"end":{"line":35,"column":1}}},"1":{"name":"(anonymous_14)","decl":{"start":{"line":14,"column":12},"end":{"line":14,"column":null}},"loc":{"start":{"line":14,"column":12},"end":{"line":29,"column":3}}},"2":{"name":"(anonymous_15)","decl":{"start":{"line":15,"column":22},"end":{"line":15,"column":null}},"loc":{"start":{"line":15,"column":22},"end":{"line":27,"column":6}}}},"branchMap":{},"s":{"0":1,"1":9,"2":8,"3":8,"4":8,"5":8,"6":8,"7":8,"8":8,"9":8,"10":8,"11":8,"12":8,"13":4,"14":4,"15":4,"16":4,"17":3,"18":3,"19":0,"20":3,"21":4,"22":8},"f":{"0":8,"1":4,"2":8},"b":{}}
,"/home/aflores/Documents/react-training/project/src/hooks/useSearchStore.ts": {"path":"/home/aflores/Documents/react-training/project/src/hooks/useSearchStore.ts","statementMap":{"0":{"start":{"line":1,"column":0},"end":{"line":1,"column":29}},"1":{"start":{"line":8,"column":23},"end":{"line":11,"column":3}},"2":{"start":{"line":8,"column":52},"end":{"line":11,"column":3}},"3":{"start":{"line":10,"column":37},"end":{"line":10,"column":null}},"4":{"start":{"line":10,"column":52},"end":{"line":10,"column":77}},"5":{"start":{"line":13,"column":0},"end":{"line":13,"column":30}}},"fnMap":{"0":{"name":"(anonymous_1)","decl":{"start":{"line":8,"column":43},"end":{"line":8,"column":44}},"loc":{"start":{"line":8,"column":47},"end":{"line":8,"column":53}}},"1":{"name":"(anonymous_2)","decl":{"start":{"line":10,"column":18},"end":{"line":10,"column":19}},"loc":{"start":{"line":10,"column":32},"end":{"line":10,"column":40}}},"2":{"name":"(anonymous_3)","decl":{"start":{"line":10,"column":41},"end":{"line":10,"column":42}},"loc":{"start":{"line":10,"column":47},"end":{"line":10,"column":53}}}},"branchMap":{},"s":{"0":2,"1":2,"2":2,"3":1,"4":1,"5":2},"f":{"0":2,"1":1,"2":1},"b":{}}
,"/home/aflores/Documents/react-training/project/src/mocks/handlers.js": {"path":"/home/aflores/Documents/react-training/project/src/mocks/handlers.js","statementMap":{"0":{"start":{"line":4,"column":24},"end":{"line":30,"column":1}},"1":{"start":{"line":8,"column":6},"end":{"line":8,"column":63}},"2":{"start":{"line":14,"column":4},"end":{"line":14,"column":57}},"3":{"start":{"line":19,"column":4},"end":{"line":19,"column":60}},"4":{"start":{"line":23,"column":4},"end":{"line":23,"column":56}},"5":{"start":{"line":27,"column":4},"end":{"line":27,"column":58}}},"fnMap":{"0":{"name":"(anonymous_0)","decl":{"start":{"line":7,"column":4},"end":{"line":7,"column":5}},"loc":{"start":{"line":7,"column":23},"end":{"line":9,"column":5}},"line":7},"1":{"name":"(anonymous_1)","decl":{"start":{"line":13,"column":2},"end":{"line":13,"column":3}},"loc":{"start":{"line":13,"column":20},"end":{"line":15,"column":3}},"line":13},"2":{"name":"(anonymous_2)","decl":{"start":{"line":18,"column":2},"end":{"line":18,"column":3}},"loc":{"start":{"line":18,"column":18},"end":{"line":20,"column":3}},"line":18},"3":{"name":"(anonymous_3)","decl":{"start":{"line":22,"column":56},"end":{"line":22,"column":57}},"loc":{"start":{"line":22,"column":71},"end":{"line":24,"column":3}},"line":22},"4":{"name":"(anonymous_4)","decl":{"start":{"line":26,"column":52},"end":{"line":26,"column":53}},"loc":{"start":{"line":26,"column":68},"end":{"line":28,"column":3}},"line":26}},"branchMap":{},"s":{"0":5,"1":2,"2":1,"3":1,"4":1,"5":0},"f":{"0":2,"1":1,"2":1,"3":1,"4":0},"b":{},"_coverageSchema":"1a1c01bbd47fc00a2c39e90264f33305004495a9","hash":"3c28b129e7ab91daf36da4a7101b73f010037628"}
,"/home/aflores/Documents/react-training/project/src/mocks/movies.js": {"path":"/home/aflores/Documents/react-training/project/src/mocks/movies.js","statementMap":{"0":{"start":{"line":1,"column":32},"end":{"line":66,"column":1}},"1":{"start":{"line":70,"column":30},"end":{"line":477,"column":1}},"2":{"start":{"line":479,"column":33},"end":{"line":825,"column":1}},"3":{"start":{"line":828,"column":31},"end":{"line":1247,"column":1}},"4":{"start":{"line":1249,"column":34},"end":{"line":1660,"column":1}}},"fnMap":{},"branchMap":{},"s":{"0":5,"1":5,"2":5,"3":5,"4":5},"f":{},"b":{},"_coverageSchema":"1a1c01bbd47fc00a2c39e90264f33305004495a9","hash":"f38d611ab6146a53f1d7aa4b5835e1fe14711420"}
,"/home/aflores/Documents/react-training/project/src/mocks/server.js": {"path":"/home/aflores/Documents/react-training/project/src/mocks/server.js","statementMap":{"0":{"start":{"line":7,"column":22},"end":{"line":7,"column":46}}},"fnMap":{},"branchMap":{},"s":{"0":5},"f":{},"b":{},"_coverageSchema":"1a1c01bbd47fc00a2c39e90264f33305004495a9","hash":"e78e5e60f27459c59a44806c072f635cc49f8039"}
,"/home/aflores/Documents/react-training/project/src/pages/Home/Home.tsx": {"path":"/home/aflores/Documents/react-training/project/src/pages/Home/Home.tsx","statementMap":{"0":{"start":{"line":1,"column":0},"end":{"line":1,"column":56}},"1":{"start":{"line":2,"column":0},"end":{"line":2,"column":26}},"2":{"start":{"line":4,"column":0},"end":{"line":4,"column":44}},"3":{"start":{"line":6,"column":0},"end":{"line":6,"column":63}},"4":{"start":{"line":8,"column":0},"end":{"line":8,"column":66}},"5":{"start":{"line":9,"column":0},"end":{"line":9,"column":55}},"6":{"start":{"line":10,"column":0},"end":{"line":10,"column":52}},"7":{"start":{"line":16,"column":45},"end":{"line":17,"column":null}},"8":{"start":{"line":16,"column":31},"end":{"line":16,"column":33}},"9":{"start":{"line":16,"column":40},"end":{"line":16,"column":45}},"10":{"start":{"line":19,"column":2},"end":{"line":21,"column":null}},"11":{"start":{"line":20,"column":4},"end":{"line":20,"column":26}},"12":{"start":{"line":22,"column":2},"end":{"line":31,"column":4}},"13":{"start":{"line":12,"column":0},"end":{"line":12,"column":24}}},"fnMap":{"0":{"name":"Home","decl":{"start":{"line":12,"column":24},"end":{"line":12,"column":28}},"loc":{"start":{"line":12,"column":28},"end":{"line":32,"column":1}}}},"branchMap":{"0":{"loc":{"start":{"line":19,"column":2},"end":{"line":21,"column":null}},"type":"if","locations":[{"start":{"line":19,"column":2},"end":{"line":21,"column":null}}]},"1":{"loc":{"start":{"line":26,"column":9},"end":{"line":26,"column":78}},"type":"binary-expr","locations":[{"start":{"line":26,"column":9},"end":{"line":26,"column":24}},{"start":{"line":26,"column":28},"end":{"line":26,"column":78}}]}},"s":{"0":1,"1":1,"2":1,"3":1,"4":1,"5":1,"6":1,"7":2,"8":2,"9":2,"10":2,"11":1,"12":1,"13":1},"f":{"0":2},"b":{"0":[1],"1":[1,1]}}
,"/home/aflores/Documents/react-training/project/src/pages/Home/components/MoviesSection.tsx": {"path":"/home/aflores/Documents/react-training/project/src/pages/Home/components/MoviesSection.tsx","statementMap":{"0":{"start":{"line":1,"column":0},"end":{"line":1,"column":40}},"1":{"start":{"line":2,"column":0},"end":{"line":2,"column":26}},"2":{"start":{"line":3,"column":0},"end":{"line":3,"column":61}},"3":{"start":{"line":4,"column":0},"end":{"line":4,"column":47}},"4":{"start":{"line":9,"column":62},"end":{"line":10,"column":null}},"5":{"start":{"line":9,"column":31},"end":{"line":9,"column":42}},"6":{"start":{"line":9,"column":57},"end":{"line":9,"column":62}},"7":{"start":{"line":14,"column":4},"end":{"line":15,"column":null}},"8":{"start":{"line":13,"column":32},"end":{"line":13,"column":43}},"9":{"start":{"line":13,"column":60},"end":{"line":13,"column":null}},"10":{"start":{"line":18,"column":53},"end":{"line":19,"column":null}},"11":{"start":{"line":18,"column":23},"end":{"line":18,"column":34}},"12":{"start":{"line":18,"column":48},"end":{"line":18,"column":53}},"13":{"start":{"line":21,"column":2},"end":{"line":53,"column":4}},"14":{"start":{"line":8,"column":0},"end":{"line":8,"column":24}}},"fnMap":{"0":{"name":"MoviesSection","decl":{"start":{"line":8,"column":24},"end":{"line":8,"column":37}},"loc":{"start":{"line":8,"column":37},"end":{"line":54,"column":1}}}},"branchMap":{"0":{"loc":{"start":{"line":28,"column":7},"end":{"line":34,"column":null}},"type":"binary-expr","locations":[{"start":{"line":28,"column":7},"end":{"line":28,"column":22}},{"start":{"line":29,"column":8},"end":{"line":33,"column":null}}]},"1":{"loc":{"start":{"line":36,"column":7},"end":{"line":42,"column":null}},"type":"binary-expr","locations":[{"start":{"line":36,"column":7},"end":{"line":36,"column":23}},{"start":{"line":37,"column":8},"end":{"line":41,"column":null}}]},"2":{"loc":{"start":{"line":44,"column":7},"end":{"line":50,"column":null}},"type":"binary-expr","locations":[{"start":{"line":44,"column":7},"end":{"line":44,"column":14}},{"start":{"line":45,"column":8},"end":{"line":49,"column":null}}]}},"s":{"0":1,"1":1,"2":1,"3":1,"4":2,"5":2,"6":2,"7":2,"8":2,"9":2,"10":2,"11":2,"12":2,"13":2,"14":1},"f":{"0":2},"b":{"0":[2,1],"1":[2,1],"2":[2,0]}}
,"/home/aflores/Documents/react-training/project/src/pages/MovieListPage/components/Pagination.tsx": {"path":"/home/aflores/Documents/react-training/project/src/pages/MovieListPage/components/Pagination.tsx","statementMap":{"0":{"start":{"line":1,"column":0},"end":{"line":1,"column":57}},"1":{"start":{"line":2,"column":0},"end":{"line":2,"column":26}},"2":{"start":{"line":3,"column":0},"end":{"line":3,"column":69}},"3":{"start":{"line":12,"column":9},"end":{"line":12,"column":null}},"4":{"start":{"line":13,"column":7},"end":{"line":13,"column":null}},"5":{"start":{"line":14,"column":9},"end":{"line":14,"column":null}},"6":{"start":{"line":16,"column":2},"end":{"line":36,"column":4}},"7":{"start":{"line":20,"column":25},"end":{"line":20,"column":null}},"8":{"start":{"line":30,"column":25},"end":{"line":30,"column":null}},"9":{"start":{"line":11,"column":0},"end":{"line":11,"column":24}}},"fnMap":{"0":{"name":"Pagination","decl":{"start":{"line":11,"column":24},"end":{"line":11,"column":34}},"loc":{"start":{"line":15,"column":18},"end":{"line":37,"column":1}}},"1":{"name":"(anonymous_2)","decl":{"start":{"line":20,"column":19},"end":{"line":20,"column":25}},"loc":{"start":{"line":20,"column":19},"end":{"line":20,"column":32}}},"2":{"name":"(anonymous_3)","decl":{"start":{"line":30,"column":19},"end":{"line":30,"column":25}},"loc":{"start":{"line":30,"column":19},"end":{"line":30,"column":32}}}},"branchMap":{"0":{"loc":{"start":{"line":18,"column":7},"end":{"line":24,"column":null}},"type":"binary-expr","locations":[{"start":{"line":18,"column":7},"end":{"line":18,"column":18}},{"start":{"line":19,"column":8},"end":{"line":23,"column":null}}]},"1":{"loc":{"start":{"line":27,"column":7},"end":{"line":33,"column":null}},"type":"binary-expr","locations":[{"start":{"line":27,"column":7},"end":{"line":27,"column":22}},{"start":{"line":28,"column":8},"end":{"line":32,"column":null}}]}},"s":{"0":1,"1":1,"2":1,"3":1,"4":1,"5":1,"6":1,"7":0,"8":1,"9":1},"f":{"0":1,"1":0,"2":1},"b":{"0":[1,0],"1":[1,1]}}
}
