TN:
SF:.jest/styleMock.js
FNF:0
FNH:0
LF:0
LH:0
BRF:0
BRH:0
end_of_record
TN:
SF:src/theme.ts
FNF:0
FNH:0
DA:1,3
DA:3,3
DA:11,3
LF:3
LH:3
BRF:0
BRH:0
end_of_record
TN:
SF:src/components/Wrapper.tsx
FN:6,Wrapper
FNF:1
FNH:1
FNDA:4,Wrapper
DA:1,3
DA:2,3
DA:3,3
DA:4,3
DA:6,4
DA:7,4
LF:6
LH:6
BRF:0
BRH:0
end_of_record
TN:
SF:src/components/Layout/Layout.tsx
FN:9,Layout
FNF:1
FNH:1
FNDA:3,Layout
DA:1,2
DA:2,2
DA:3,2
DA:9,3
DA:10,3
LF:5
LH:5
BRF:0
BRH:0
end_of_record
TN:
SF:src/components/Layout/NavBar.tsx
FN:10,NavBar
FN:12,(anonymous_2)
FN:13,(anonymous_3)
FN:15,(anonymous_4)
FN:40,(anonymous_5)
FNF:5
FNH:4
FNDA:4,NavBar
FNDA:5,(anonymous_2)
FNDA:5,(anonymous_3)
FNDA:0,(anonymous_4)
FNDA:1,(anonymous_5)
DA:1,2
DA:2,2
DA:3,2
DA:4,2
DA:10,4
DA:12,5
DA:13,5
DA:14,4
DA:15,4
DA:16,0
DA:17,0
DA:19,4
DA:40,1
LF:13
LH:11
BRDA:31,0,0,4
BRDA:31,0,1,3
BRF:2
BRH:2
end_of_record
TN:
SF:src/components/Movies/MovieCard.tsx
FN:6,MovieCard
FNF:1
FNH:1
FNDA:30,MovieCard
DA:1,2
DA:3,2
DA:4,2
DA:6,2
DA:7,30
DA:8,30
DA:13,30
LF:7
LH:7
BRF:0
BRH:0
end_of_record
TN:
SF:src/components/Movies/MovieCarousel.tsx
FN:10,MovieCarousel
FN:14,(anonymous_2)
FNF:2
FNH:2
FNDA:1,MovieCarousel
FNDA:20,(anonymous_2)
DA:1,1
DA:2,1
DA:3,1
DA:10,1
DA:11,1
DA:14,20
LF:6
LH:6
BRF:0
BRH:0
end_of_record
TN:
SF:src/components/Movies/MovieList.tsx
FN:12,MovieList
FN:28,(anonymous_2)
FNF:2
FNH:2
FNDA:3,MovieList
FNDA:30,(anonymous_2)
DA:1,2
DA:2,2
DA:4,2
DA:5,2
DA:12,2
DA:13,3
DA:14,3
DA:15,3
DA:16,3
DA:18,3
DA:29,30
LF:11
LH:11
BRDA:20,0,0,3
BRDA:20,0,1,2
BRF:2
BRH:2
end_of_record
TN:
SF:src/helpers/functions.ts
FN:1,searchByName
FNF:1
FNH:1
FNDA:1,searchByName
DA:1,1
DA:2,1
LF:2
LH:2
BRF:0
BRH:0
end_of_record
TN:
SF:src/hooks/useFetch.tsx
FN:9,useFetch
FN:14,(anonymous_14)
FN:15,(anonymous_15)
FNF:3
FNH:3
FNDA:8,useFetch
FNDA:4,(anonymous_14)
FNDA:8,(anonymous_15)
DA:1,1
DA:9,9
DA:10,8
DA:11,8
DA:12,8
DA:14,8
DA:15,8
DA:17,4
DA:18,4
DA:19,4
DA:20,3
DA:22,0
DA:26,3
DA:28,4
DA:30,8
LF:15
LH:14
BRF:0
BRH:0
end_of_record
TN:
SF:src/hooks/useSearchStore.ts
FN:8,(anonymous_1)
FN:10,(anonymous_2)
FN:10,(anonymous_3)
FNF:3
FNH:3
FNDA:2,(anonymous_1)
FNDA:1,(anonymous_2)
FNDA:1,(anonymous_3)
DA:1,2
DA:8,2
DA:10,1
DA:13,2
LF:4
LH:4
BRF:0
BRH:0
end_of_record
TN:
SF:src/mocks/handlers.js
FN:7,(anonymous_0)
FN:13,(anonymous_1)
FN:18,(anonymous_2)
FN:22,(anonymous_3)
FN:26,(anonymous_4)
FNF:5
FNH:4
FNDA:2,(anonymous_0)
FNDA:1,(anonymous_1)
FNDA:1,(anonymous_2)
FNDA:1,(anonymous_3)
FNDA:0,(anonymous_4)
DA:4,5
DA:8,2
DA:14,1
DA:19,1
DA:23,1
DA:27,0
LF:6
LH:5
BRF:0
BRH:0
end_of_record
TN:
SF:src/mocks/movies.js
FNF:0
FNH:0
DA:1,5
DA:70,5
DA:479,5
DA:828,5
DA:1249,5
LF:5
LH:5
BRF:0
BRH:0
end_of_record
TN:
SF:src/mocks/server.js
FNF:0
FNH:0
DA:7,5
LF:1
LH:1
BRF:0
BRH:0
end_of_record
TN:
SF:src/pages/Home/Home.tsx
FN:12,Home
FNF:1
FNH:1
FNDA:2,Home
DA:1,1
DA:2,1
DA:4,1
DA:6,1
DA:8,1
DA:9,1
DA:10,1
DA:12,1
DA:16,2
DA:19,2
DA:20,1
DA:22,1
LF:12
LH:12
BRDA:19,0,0,1
BRDA:26,1,0,1
BRDA:26,1,1,1
BRF:3
BRH:3
end_of_record
TN:
SF:src/pages/Home/components/MoviesSection.tsx
FN:8,MoviesSection
FNF:1
FNH:1
FNDA:2,MoviesSection
DA:1,1
DA:2,1
DA:3,1
DA:4,1
DA:8,1
DA:9,2
DA:13,2
DA:14,2
DA:18,2
DA:21,2
LF:10
LH:10
BRDA:28,0,0,2
BRDA:28,0,1,1
BRDA:36,1,0,2
BRDA:36,1,1,1
BRDA:44,2,0,2
BRDA:44,2,1,0
BRF:6
BRH:5
end_of_record
TN:
SF:src/pages/MovieListPage/components/Pagination.tsx
FN:11,Pagination
FN:20,(anonymous_2)
FN:30,(anonymous_3)
FNF:3
FNH:2
FNDA:1,Pagination
FNDA:0,(anonymous_2)
FNDA:1,(anonymous_3)
DA:1,1
DA:2,1
DA:3,1
DA:11,1
DA:12,1
DA:13,1
DA:14,1
DA:16,1
DA:20,0
DA:30,1
LF:10
LH:9
BRDA:18,0,0,1
BRDA:18,0,1,0
BRDA:27,1,0,1
BRDA:27,1,1,1
BRF:4
BRH:3
end_of_record
